  stack_ll.c
C:\Users\nedim göktuğ tabak\Desktop\Git\DataStructuresWithC\StackWithLinkedList\StackWithLinkedList\stack_ll.h(4,2): error C2061: syntax error: identifier 'node'
  (compiling source file 'stack_ll.c')
  
C:\Users\nedim göktuğ tabak\Desktop\Git\DataStructuresWithC\StackWithLinkedList\StackWithLinkedList\stack_ll.h(6,1): error C2059: syntax error: '}'
  (compiling source file 'stack_ll.c')
  
C:\Users\nedim göktuğ tabak\Desktop\Git\DataStructuresWithC\StackWithLinkedList\StackWithLinkedList\stack_ll.c(7,19): error C2037: left of 'data' specifies undefined struct/union 'n'
C:\Users\nedim göktuğ tabak\Desktop\Git\DataStructuresWithC\StackWithLinkedList\StackWithLinkedList\stack_ll.c(7,10): warning C4473: 'printf' : not enough arguments passed for format string
  C:\Users\nedim göktuğ tabak\Desktop\Git\DataStructuresWithC\StackWithLinkedList\StackWithLinkedList\stack_ll.c(7,10):
  placeholders and their parameters expect 1 variadic arguments, but 0 were provided
  C:\Users\nedim göktuğ tabak\Desktop\Git\DataStructuresWithC\StackWithLinkedList\StackWithLinkedList\stack_ll.c(7,10):
  the missing variadic argument 1 is required by format string '%d'
  
C:\Users\nedim göktuğ tabak\Desktop\Git\DataStructuresWithC\StackWithLinkedList\StackWithLinkedList\stack_ll.c(8,10): error C2037: left of 'next' specifies undefined struct/union 'n'
C:\Users\nedim göktuğ tabak\Desktop\Git\DataStructuresWithC\StackWithLinkedList\StackWithLinkedList\stack_ll.c(16,6): error C2037: left of 'next' specifies undefined struct/union 'n'
C:\Users\nedim göktuğ tabak\Desktop\Git\DataStructuresWithC\StackWithLinkedList\StackWithLinkedList\stack_ll.c(17,16): error C2037: left of 'data' specifies undefined struct/union 'n'
C:\Users\nedim göktuğ tabak\Desktop\Git\DataStructuresWithC\StackWithLinkedList\StackWithLinkedList\stack_ll.c(22,9): error C2037: left of 'next' specifies undefined struct/union 'n'
C:\Users\nedim göktuğ tabak\Desktop\Git\DataStructuresWithC\StackWithLinkedList\StackWithLinkedList\stack_ll.c(23,10): error C2037: left of 'next' specifies undefined struct/union 'n'
C:\Users\nedim göktuğ tabak\Desktop\Git\DataStructuresWithC\StackWithLinkedList\StackWithLinkedList\stack_ll.c(24,15): error C2037: left of 'next' specifies undefined struct/union 'n'
C:\Users\nedim göktuğ tabak\Desktop\Git\DataStructuresWithC\StackWithLinkedList\StackWithLinkedList\stack_ll.c(25,15): error C2037: left of 'data' specifies undefined struct/union 'n'
C:\Users\nedim göktuğ tabak\Desktop\Git\DataStructuresWithC\StackWithLinkedList\StackWithLinkedList\stack_ll.c(26,2): error C2037: left of 'next' specifies undefined struct/union 'n'
C:\Users\nedim göktuğ tabak\Desktop\Git\DataStructuresWithC\StackWithLinkedList\StackWithLinkedList\stack_ll.c(32,24): error C2027: use of undefined type 'n'
  C:\Users\nedim göktuğ tabak\Desktop\Git\DataStructuresWithC\StackWithLinkedList\StackWithLinkedList\stack_ll.h(3,8):
  see declaration of 'n'
  
C:\Users\nedim göktuğ tabak\Desktop\Git\DataStructuresWithC\StackWithLinkedList\StackWithLinkedList\stack_ll.c(33,3): error C2037: left of 'data' specifies undefined struct/union 'n'
C:\Users\nedim göktuğ tabak\Desktop\Git\DataStructuresWithC\StackWithLinkedList\StackWithLinkedList\stack_ll.c(34,3): error C2037: left of 'next' specifies undefined struct/union 'n'
C:\Users\nedim göktuğ tabak\Desktop\Git\DataStructuresWithC\StackWithLinkedList\StackWithLinkedList\stack_ll.c(38,9): error C2037: left of 'next' specifies undefined struct/union 'n'
C:\Users\nedim göktuğ tabak\Desktop\Git\DataStructuresWithC\StackWithLinkedList\StackWithLinkedList\stack_ll.c(39,10): error C2037: left of 'next' specifies undefined struct/union 'n'
C:\Users\nedim göktuğ tabak\Desktop\Git\DataStructuresWithC\StackWithLinkedList\StackWithLinkedList\stack_ll.c(40,29): error C2027: use of undefined type 'n'
  C:\Users\nedim göktuğ tabak\Desktop\Git\DataStructuresWithC\StackWithLinkedList\StackWithLinkedList\stack_ll.h(3,8):
  see declaration of 'n'
  
C:\Users\nedim göktuğ tabak\Desktop\Git\DataStructuresWithC\StackWithLinkedList\StackWithLinkedList\stack_ll.c(41,2): error C2037: left of 'data' specifies undefined struct/union 'n'
C:\Users\nedim göktuğ tabak\Desktop\Git\DataStructuresWithC\StackWithLinkedList\StackWithLinkedList\stack_ll.c(42,2): error C2037: left of 'next' specifies undefined struct/union 'n'
C:\Users\nedim göktuğ tabak\Desktop\Git\DataStructuresWithC\StackWithLinkedList\StackWithLinkedList\stack_ll.c(43,2): error C2037: left of 'next' specifies undefined struct/union 'n'
C:\Users\nedim göktuğ tabak\Desktop\Git\DataStructuresWithC\StackWithLinkedList\StackWithLinkedList\stack_ll.c(55,2): warning C4013: 'print' undefined; assuming extern returning int
C:\Users\nedim göktuğ tabak\Desktop\Git\DataStructuresWithC\StackWithLinkedList\StackWithLinkedList\stack_ll.c(57,29): warning C4047: 'function': 'node *' differs in levels of indirection from 'node **'
C:\Users\nedim göktuğ tabak\Desktop\Git\DataStructuresWithC\StackWithLinkedList\StackWithLinkedList\stack_ll.c(57,29): warning C4024: 'pop': different types for formal and actual parameter 1
C:\Users\nedim göktuğ tabak\Desktop\Git\DataStructuresWithC\StackWithLinkedList\StackWithLinkedList\stack_ll.c(58,29): warning C4047: 'function': 'node *' differs in levels of indirection from 'node **'
C:\Users\nedim göktuğ tabak\Desktop\Git\DataStructuresWithC\StackWithLinkedList\StackWithLinkedList\stack_ll.c(58,29): warning C4024: 'pop': different types for formal and actual parameter 1
